<?xml version="1.0" encoding="UTF-8"?>
<!-- Generated by org.testng.reporters.JUnitXMLReporter -->
<testsuite hostname="cepl-lenovo-v310-14ik" ignored="0" name="ChromeTest" tests="1" failures="0" timestamp="20 Jun 2019 13:32:25 GMT" time="0.049" errors="0">
  <testcase name="@BeforeTest setUp" time="0.0" classname="flight.FlightFunctionality">
    <failure type="org.testng.TestNGException" message="
Parameter &amp;apos;browserName&amp;apos; is required by BeforeTest on method setUp but has not been marked @Optional or defined
in /home/cepl/eclipse-workspace/TestVagrant/testng.xml">
      <![CDATA[org.testng.TestNGException: 
Parameter 'browserName' is required by BeforeTest on method setUp but has not been marked @Optional or defined
in /home/cepl/eclipse-workspace/TestVagrant/testng.xml
at java.util.concurrent.FutureTask.run(FutureTask.java:266)
at java.util.concurrent.ThreadPoolExecutor.runWorker(ThreadPoolExecutor.java:1149)
at java.util.concurrent.ThreadPoolExecutor$Worker.run(ThreadPoolExecutor.java:624)
at java.lang.Thread.run(Thread.java:748)
... Removed 12 stack frames]]>
    </failure>
  </testcase> <!-- @BeforeTest setUp -->
  <testcase name="verifyFlightSearch" time="0.0" classname="flight.FlightFunctionality">
    <skipped/>
  </testcase> <!-- verifyFlightSearch -->
</testsuite> <!-- ChromeTest -->
